{
  "stats": {
    "suites": 1,
    "tests": 2,
    "passes": 2,
    "pending": 0,
    "failures": 0,
    "start": "2025-06-06T19:45:53.642Z",
    "end": "2025-06-06T19:45:53.692Z",
    "duration": 50,
    "testsRegistered": 1,
    "passPercent": 100,
    "pendingPercent": 0,
    "other": 0,
    "hasOther": false,
    "skipped": 0,
    "hasSkipped": false
  },
  "results": [
    {
      "uuid": "4955a6b1-98ed-432e-9783-ba21a3d8292f",
      "title": "",
      "fullFile": "cypress/e2e/amazon.cy.js",
      "file": "cypress/e2e/amazon.cy.js",
      "beforeHooks": [],
      "afterHooks": [],
      "tests": [],
      "suites": [
        {
          "uuid": "4d25a331-3829-447c-8a4d-39aabd830ff8",
          "title": "Test amazon",
          "fullFile": "",
          "file": "",
          "beforeHooks": [],
          "afterHooks": [],
          "tests": [
            {
              "title": "Search for chair",
              "fullTitle": "Test amazon Search for chair",
              "timedOut": null,
              "duration": 26,
              "state": "passed",
              "speed": "fast",
              "pass": true,
              "fail": false,
              "pending": false,
              "context": null,
              "code": "_amazon.default.visitHomePage();\n_amazon.default.searchProduct(\"chair\");\n_amazon.default.sortByPrice();\n_amazon.default.saveSearchProductName();\n_amazon.default.saveSearchProductPrice();\n_amazon.default.clickOnTheRightmostProduct();\n_amazon.default.expectProductName();\n_amazon.default.expectProductPrice();",
              "err": {},
              "uuid": "773eb282-07ad-40c2-a0b8-f2609efa39ba",
              "parentUUID": "4d25a331-3829-447c-8a4d-39aabd830ff8",
              "isHook": false,
              "skipped": false
            }
          ],
          "suites": [],
          "passes": [
            "773eb282-07ad-40c2-a0b8-f2609efa39ba"
          ],
          "failures": [],
          "pending": [],
          "skipped": [],
          "duration": 26,
          "root": false,
          "rootEmpty": false,
          "_timeout": 2000
        }
      ],
      "passes": [],
      "failures": [],
      "pending": [],
      "skipped": [],
      "duration": 0,
      "root": true,
      "rootEmpty": true,
      "_timeout": 2000
    }
  ],
  "meta": {
    "mocha": {
      "version": "7.2.0"
    },
    "mochawesome": {
      "options": {
        "quiet": false,
        "reportFilename": "mochawesome",
        "saveHtml": false,
        "saveJson": true,
        "consoleReporter": "spec",
        "useInlineDiffs": false,
        "code": true
      },
      "version": "7.1.3"
    },
    "marge": {
      "options": {
        "reportDir": "reports/report",
        "overwrite": false,
        "html": false,
        "json": true
      },
      "version": "6.2.0"
    }
  }
}