{
  "stats": {
    "suites": 1,
    "tests": 1,
    "passes": 1,
    "pending": 0,
    "failures": 0,
    "start": "2025-06-06T19:45:50.708Z",
    "end": "2025-06-06T19:45:50.776Z",
    "duration": 68,
    "testsRegistered": 1,
    "passPercent": 100,
    "pendingPercent": 0,
    "other": 0,
    "hasOther": false,
    "skipped": 0,
    "hasSkipped": false
  },
  "results": [
    {
      "uuid": "cfe98f52-cee9-4f03-b575-5b91dad3d1ef",
      "title": "",
      "fullFile": "cypress/e2e/agoda.cy.js",
      "file": "cypress/e2e/agoda.cy.js",
      "beforeHooks": [],
      "afterHooks": [],
      "tests": [],
      "suites": [
        {
          "uuid": "9b897aef-94aa-4a02-9d7a-e61fefba4476",
          "title": "Test Agoda",
          "fullFile": "",
          "file": "",
          "beforeHooks": [],
          "afterHooks": [],
          "tests": [
            {
              "title": "Booking ticket for flight",
              "fullTitle": "Test Agoda Booking ticket for flight",
              "timedOut": null,
              "duration": 36,
              "state": "passed",
              "speed": "fast",
              "pass": true,
              "fail": false,
              "pending": false,
              "context": null,
              "code": "cy.on(\"uncaught:exception\", () => false);\n_agoda.default.visitHomePage();\n_agoda.default.selectFlightTab();\n_agoda.default.setOrigin(\"Jakarta\");\n_agoda.default.setDestination(\"Singapore\");\n_agoda.default.selectDepartureDate();\n_agoda.default.searchFlight();\n_agoda.default.filterByAirline(\"Malaysia Airlines\");\n_agoda.default.saveDepartureTime();\n_agoda.default.saveArrivalTime();\n_agoda.default.selectFirstFlight();\n// Use fixture data for contact info\n_agoda.default.fillContactInfo({\n  firstName: this.passengerData.firstName,\n  lastName: this.passengerData.lastName,\n  email: this.passengerData.email,\n  phone: this.passengerData.phone\n});\n// Use fixture data for passenger info\n_agoda.default.fillPassengerInfo({\n  firstName: this.passengerData.firstName,\n  lastName: this.passengerData.lastName,\n  day: this.passengerData.dob.day,\n  year: this.passengerData.dob.year,\n  nationality: this.passengerData.nationality\n});\n_agoda.default.fillPassportInfo({\n  number: this.passengerData.passport.number,\n  countryOfIssue: this.passengerData.passport.countryOfIssue,\n  expiryDay: this.passengerData.passport.expiryDay,\n  expiryMonthIndex: this.passengerData.passport.expiryMonthIndex,\n  expiryYear: this.passengerData.passport.expiryYear\n});\n_agoda.default.saveExpectedPrice();\n_agoda.default.continueToAddOns();\n_agoda.default.skipAddOns();\n// Assertions (optional, uncomment if you want to check)\n_agoda.default.assertNameMatches();\n_agoda.default.assertPriceMatches();\n_agoda.default.assertTimeMatches();",
              "err": {},
              "uuid": "d116deac-6ba6-4c4e-a00f-44acc1bd23d4",
              "parentUUID": "9b897aef-94aa-4a02-9d7a-e61fefba4476",
              "isHook": false,
              "skipped": false
            }
          ],
          "suites": [],
          "passes": [
            "d116deac-6ba6-4c4e-a00f-44acc1bd23d4"
          ],
          "failures": [],
          "pending": [],
          "skipped": [],
          "duration": 36,
          "root": false,
          "rootEmpty": false,
          "_timeout": 2000
        }
      ],
      "passes": [],
      "failures": [],
      "pending": [],
      "skipped": [],
      "duration": 0,
      "root": true,
      "rootEmpty": true,
      "_timeout": 2000
    }
  ],
  "meta": {
    "mocha": {
      "version": "7.2.0"
    },
    "mochawesome": {
      "options": {
        "quiet": false,
        "reportFilename": "mochawesome",
        "saveHtml": false,
        "saveJson": true,
        "consoleReporter": "spec",
        "useInlineDiffs": false,
        "code": true
      },
      "version": "7.1.3"
    },
    "marge": {
      "options": {
        "reportDir": "reports/report",
        "overwrite": false,
        "html": false,
        "json": true
      },
      "version": "6.2.0"
    }
  }
}